Ativando defaultServer (Open Liberty 19.0.0.4/wlp-1.0.27.cl190420190419-0642) em Java HotSpot(TM) 64-Bit Server VM, versão 1.8.0_211-b12 (pt_BR)
[AUDIT   ] CWWKE0001I: O servidor defaultServer foi ativado.
[AUDIT   ] CWWKZ0058I: Monitorando dropins para aplicativos.
[ERROR   ] CWWKO0221E: A inicialização do Canal TCP defaultHttpEndpoint não foi bem-sucedida.  A ligação do soquete não foi bem-sucedida para o host * e a porta 9080.  A porta pode já estar em uso.  Mensagem de Exceção: Address already in use
[ADVERTÊNCIA] SRVE9967W: O caminho da classe de manifesto jaxb-api.jar não pode ser localizado no arquivo JAR wsjar:file:/Users/samueltoledo/Desktop/guide-docker/start/target/liberty/wlp/usr/servers/defaultServer/apps/rest.war!/WEB-INF/lib/jaxb-core-2.3.0.1.jar ou seu pai.
[ADVERTÊNCIA] SRVE9967W: O caminho da classe de manifesto jaxb-runtime-2.3.2.jar não pode ser localizado no arquivo JAR wsjar:file:/Users/samueltoledo/Desktop/guide-docker/start/target/liberty/wlp/usr/servers/defaultServer/apps/rest.war!/WEB-INF/lib/jaxb-impl-2.3.2.jar ou seu pai.
[ADVERTÊNCIA] SRVE9967W: O caminho da classe de manifesto txw2-2.3.2.jar não pode ser localizado no arquivo JAR wsjar:file:/Users/samueltoledo/Desktop/guide-docker/start/target/liberty/wlp/usr/servers/defaultServer/apps/rest.war!/WEB-INF/lib/jaxb-impl-2.3.2.jar ou seu pai.
[ADVERTÊNCIA] SRVE9967W: O caminho da classe de manifesto istack-commons-runtime-3.0.8.jar não pode ser localizado no arquivo JAR wsjar:file:/Users/samueltoledo/Desktop/guide-docker/start/target/liberty/wlp/usr/servers/defaultServer/apps/rest.war!/WEB-INF/lib/jaxb-impl-2.3.2.jar ou seu pai.
[ADVERTÊNCIA] SRVE9967W: O caminho da classe de manifesto stax-ex-1.8.1.jar não pode ser localizado no arquivo JAR wsjar:file:/Users/samueltoledo/Desktop/guide-docker/start/target/liberty/wlp/usr/servers/defaultServer/apps/rest.war!/WEB-INF/lib/jaxb-impl-2.3.2.jar ou seu pai.
[ADVERTÊNCIA] SRVE9967W: O caminho da classe de manifesto FastInfoset-1.2.16.jar não pode ser localizado no arquivo JAR wsjar:file:/Users/samueltoledo/Desktop/guide-docker/start/target/liberty/wlp/usr/servers/defaultServer/apps/rest.war!/WEB-INF/lib/jaxb-impl-2.3.2.jar ou seu pai.
[ADVERTÊNCIA] SRVE9967W: O caminho da classe de manifesto jakarta.activation-api-1.2.1.jar não pode ser localizado no arquivo JAR wsjar:file:/Users/samueltoledo/Desktop/guide-docker/start/target/liberty/wlp/usr/servers/defaultServer/apps/rest.war!/WEB-INF/lib/jaxb-impl-2.3.2.jar ou seu pai.
[ADVERTÊNCIA] SRVE9967W: O caminho da classe de manifesto jaxb-api.jar não pode ser localizado no arquivo JAR wsjar:file:/Users/samueltoledo/Desktop/guide-docker/start/target/liberty/wlp/usr/servers/defaultServer/apps/rest.war!/WEB-INF/lib/jaxb-core-2.3.0.1.jar ou seu pai.
[ADVERTÊNCIA] SRVE9967W: O caminho da classe de manifesto jaxb-runtime-2.3.2.jar não pode ser localizado no arquivo JAR wsjar:file:/Users/samueltoledo/Desktop/guide-docker/start/target/liberty/wlp/usr/servers/defaultServer/apps/rest.war!/WEB-INF/lib/jaxb-impl-2.3.2.jar ou seu pai.
[ADVERTÊNCIA] SRVE9967W: O caminho da classe de manifesto txw2-2.3.2.jar não pode ser localizado no arquivo JAR wsjar:file:/Users/samueltoledo/Desktop/guide-docker/start/target/liberty/wlp/usr/servers/defaultServer/apps/rest.war!/WEB-INF/lib/jaxb-impl-2.3.2.jar ou seu pai.
[ADVERTÊNCIA] SRVE9967W: O caminho da classe de manifesto istack-commons-runtime-3.0.8.jar não pode ser localizado no arquivo JAR wsjar:file:/Users/samueltoledo/Desktop/guide-docker/start/target/liberty/wlp/usr/servers/defaultServer/apps/rest.war!/WEB-INF/lib/jaxb-impl-2.3.2.jar ou seu pai.
[ADVERTÊNCIA] SRVE9967W: O caminho da classe de manifesto stax-ex-1.8.1.jar não pode ser localizado no arquivo JAR wsjar:file:/Users/samueltoledo/Desktop/guide-docker/start/target/liberty/wlp/usr/servers/defaultServer/apps/rest.war!/WEB-INF/lib/jaxb-impl-2.3.2.jar ou seu pai.
[ADVERTÊNCIA] SRVE9967W: O caminho da classe de manifesto FastInfoset-1.2.16.jar não pode ser localizado no arquivo JAR wsjar:file:/Users/samueltoledo/Desktop/guide-docker/start/target/liberty/wlp/usr/servers/defaultServer/apps/rest.war!/WEB-INF/lib/jaxb-impl-2.3.2.jar ou seu pai.
[ADVERTÊNCIA] SRVE9967W: O caminho da classe de manifesto jakarta.activation-api-1.2.1.jar não pode ser localizado no arquivo JAR wsjar:file:/Users/samueltoledo/Desktop/guide-docker/start/target/liberty/wlp/usr/servers/defaultServer/apps/rest.war!/WEB-INF/lib/jaxb-impl-2.3.2.jar ou seu pai.
[AUDIT   ] CWWKZ0001I: O aplicativo rest foi iniciado em 1,290 segundos.
[AUDIT   ] CWWKF0012I: O servidor instalou os recursos a seguir: [jaxrs-2.1, jaxrsClient-2.1, jsonp-1.1, servlet-4.0].
[AUDIT   ] CWWKF0011I: O servidor defaultServer está pronto para executar um planeta mais inteligente.
[AUDIT   ] CWWKE0055I: Encerramento do servidor solicitado em Terça-feira, 30 de Abril de 2019 às 14:20. O servidor defaultServer está sendo encerrado.
[AUDIT   ] CWWKE1100I: Aguardando até 30 segundos para o servidor ser colocado em modo quiesce.
[AUDIT   ] CWWKZ0009I: O aplicativo rest foi interrompido com sucesso.
[AUDIT   ] CWWKE0036I: O servidor defaultServer foi interrompido depois de 9,93 segundos.
