********************************************************************************
product = Open Liberty 19.0.0.4 (wlp-1.0.27.cl190420190419-0642)
wlp.install.dir = /Users/samueltoledo/Desktop/guide-docker/start/target/liberty/wlp/
java.home = /Library/Java/JavaVirtualMachines/jdk1.8.0_211.jdk/Contents/Home/jre
java.version = 1.8.0_211
java.runtime = Java(TM) SE Runtime Environment (1.8.0_211-b12)
os = Mac OS X (10.13.6; x86_64) (pt_BR)
process = 11370@TI-SAMUELALMEIDA.local
********************************************************************************
[30/04/19 14:20:04:242 BRT] 00000001 com.ibm.ws.kernel.launch.internal.FrameworkManager           A CWWKE0001I: O servidor defaultServer foi ativado.
[30/04/19 14:20:06:447 BRT] 00000001 com.ibm.ws.kernel.launch.internal.FrameworkManager           I CWWKE0002I: O kernel foi iniciado após 2,734 segundos
[30/04/19 14:20:06:635 BRT] 0000001b com.ibm.ws.kernel.feature.internal.FeatureManager            I CWWKF0007I: Atualização do recurso iniciada.
[30/04/19 14:20:08:363 BRT] 00000013 com.ibm.ws.app.manager.internal.monitor.DropinMonitor        A CWWKZ0058I: Monitorando dropins para aplicativos.
[30/04/19 14:20:08:380 BRT] 00000021 com.ibm.ws.tcpchannel.internal.TCPPort                       E CWWKO0221E: A inicialização do Canal TCP defaultHttpEndpoint não foi bem-sucedida.  A ligação do soquete não foi bem-sucedida para o host * e a porta 9080.  A porta pode já estar em uso.  Mensagem de Exceção: Address already in use
[30/04/19 14:20:08:979 BRT] 0000001e com.ibm.ws.app.manager.AppMessageHelper                      I CWWKZ0018I: Iniciando o aplicativo rest.
[30/04/19 14:20:09:161 BRT] 0000001e m.ibm.ws.container.service.app.deploy.ManifestClassPathUtils W SRVE9967W: O caminho da classe de manifesto jaxb-api.jar não pode ser localizado no arquivo JAR wsjar:file:/Users/samueltoledo/Desktop/guide-docker/start/target/liberty/wlp/usr/servers/defaultServer/apps/rest.war!/WEB-INF/lib/jaxb-core-2.3.0.1.jar ou seu pai.
[30/04/19 14:20:09:203 BRT] 0000001e m.ibm.ws.container.service.app.deploy.ManifestClassPathUtils W SRVE9967W: O caminho da classe de manifesto jaxb-runtime-2.3.2.jar não pode ser localizado no arquivo JAR wsjar:file:/Users/samueltoledo/Desktop/guide-docker/start/target/liberty/wlp/usr/servers/defaultServer/apps/rest.war!/WEB-INF/lib/jaxb-impl-2.3.2.jar ou seu pai.
[30/04/19 14:20:09:204 BRT] 0000001e m.ibm.ws.container.service.app.deploy.ManifestClassPathUtils W SRVE9967W: O caminho da classe de manifesto txw2-2.3.2.jar não pode ser localizado no arquivo JAR wsjar:file:/Users/samueltoledo/Desktop/guide-docker/start/target/liberty/wlp/usr/servers/defaultServer/apps/rest.war!/WEB-INF/lib/jaxb-impl-2.3.2.jar ou seu pai.
[30/04/19 14:20:09:204 BRT] 0000001e m.ibm.ws.container.service.app.deploy.ManifestClassPathUtils W SRVE9967W: O caminho da classe de manifesto istack-commons-runtime-3.0.8.jar não pode ser localizado no arquivo JAR wsjar:file:/Users/samueltoledo/Desktop/guide-docker/start/target/liberty/wlp/usr/servers/defaultServer/apps/rest.war!/WEB-INF/lib/jaxb-impl-2.3.2.jar ou seu pai.
[30/04/19 14:20:09:205 BRT] 0000001e m.ibm.ws.container.service.app.deploy.ManifestClassPathUtils W SRVE9967W: O caminho da classe de manifesto stax-ex-1.8.1.jar não pode ser localizado no arquivo JAR wsjar:file:/Users/samueltoledo/Desktop/guide-docker/start/target/liberty/wlp/usr/servers/defaultServer/apps/rest.war!/WEB-INF/lib/jaxb-impl-2.3.2.jar ou seu pai.
[30/04/19 14:20:09:205 BRT] 0000001e m.ibm.ws.container.service.app.deploy.ManifestClassPathUtils W SRVE9967W: O caminho da classe de manifesto FastInfoset-1.2.16.jar não pode ser localizado no arquivo JAR wsjar:file:/Users/samueltoledo/Desktop/guide-docker/start/target/liberty/wlp/usr/servers/defaultServer/apps/rest.war!/WEB-INF/lib/jaxb-impl-2.3.2.jar ou seu pai.
[30/04/19 14:20:09:206 BRT] 0000001e m.ibm.ws.container.service.app.deploy.ManifestClassPathUtils W SRVE9967W: O caminho da classe de manifesto jakarta.activation-api-1.2.1.jar não pode ser localizado no arquivo JAR wsjar:file:/Users/samueltoledo/Desktop/guide-docker/start/target/liberty/wlp/usr/servers/defaultServer/apps/rest.war!/WEB-INF/lib/jaxb-impl-2.3.2.jar ou seu pai.
[30/04/19 14:20:09:521 BRT] 0000001e m.ibm.ws.container.service.app.deploy.ManifestClassPathUtils W SRVE9967W: O caminho da classe de manifesto jaxb-api.jar não pode ser localizado no arquivo JAR wsjar:file:/Users/samueltoledo/Desktop/guide-docker/start/target/liberty/wlp/usr/servers/defaultServer/apps/rest.war!/WEB-INF/lib/jaxb-core-2.3.0.1.jar ou seu pai.
[30/04/19 14:20:09:523 BRT] 0000001e m.ibm.ws.container.service.app.deploy.ManifestClassPathUtils W SRVE9967W: O caminho da classe de manifesto jaxb-runtime-2.3.2.jar não pode ser localizado no arquivo JAR wsjar:file:/Users/samueltoledo/Desktop/guide-docker/start/target/liberty/wlp/usr/servers/defaultServer/apps/rest.war!/WEB-INF/lib/jaxb-impl-2.3.2.jar ou seu pai.
[30/04/19 14:20:09:523 BRT] 0000001e m.ibm.ws.container.service.app.deploy.ManifestClassPathUtils W SRVE9967W: O caminho da classe de manifesto txw2-2.3.2.jar não pode ser localizado no arquivo JAR wsjar:file:/Users/samueltoledo/Desktop/guide-docker/start/target/liberty/wlp/usr/servers/defaultServer/apps/rest.war!/WEB-INF/lib/jaxb-impl-2.3.2.jar ou seu pai.
[30/04/19 14:20:09:524 BRT] 0000001e m.ibm.ws.container.service.app.deploy.ManifestClassPathUtils W SRVE9967W: O caminho da classe de manifesto istack-commons-runtime-3.0.8.jar não pode ser localizado no arquivo JAR wsjar:file:/Users/samueltoledo/Desktop/guide-docker/start/target/liberty/wlp/usr/servers/defaultServer/apps/rest.war!/WEB-INF/lib/jaxb-impl-2.3.2.jar ou seu pai.
[30/04/19 14:20:09:524 BRT] 0000001e m.ibm.ws.container.service.app.deploy.ManifestClassPathUtils W SRVE9967W: O caminho da classe de manifesto stax-ex-1.8.1.jar não pode ser localizado no arquivo JAR wsjar:file:/Users/samueltoledo/Desktop/guide-docker/start/target/liberty/wlp/usr/servers/defaultServer/apps/rest.war!/WEB-INF/lib/jaxb-impl-2.3.2.jar ou seu pai.
[30/04/19 14:20:09:524 BRT] 0000001e m.ibm.ws.container.service.app.deploy.ManifestClassPathUtils W SRVE9967W: O caminho da classe de manifesto FastInfoset-1.2.16.jar não pode ser localizado no arquivo JAR wsjar:file:/Users/samueltoledo/Desktop/guide-docker/start/target/liberty/wlp/usr/servers/defaultServer/apps/rest.war!/WEB-INF/lib/jaxb-impl-2.3.2.jar ou seu pai.
[30/04/19 14:20:09:525 BRT] 0000001e m.ibm.ws.container.service.app.deploy.ManifestClassPathUtils W SRVE9967W: O caminho da classe de manifesto jakarta.activation-api-1.2.1.jar não pode ser localizado no arquivo JAR wsjar:file:/Users/samueltoledo/Desktop/guide-docker/start/target/liberty/wlp/usr/servers/defaultServer/apps/rest.war!/WEB-INF/lib/jaxb-impl-2.3.2.jar ou seu pai.
[30/04/19 14:20:10:236 BRT] 0000001e com.ibm.ws.session.WASSessionCore                            I SESN8501I: O gerenciador de sessões não localizou um local de armazenamento persistente; objetos HttpSession serão armazenados na memória do servidor de aplicativos local.
[30/04/19 14:20:10:254 BRT] 0000001e com.ibm.ws.webcontainer.osgi.webapp.WebGroup                 I SRVE0169I: Carregando o Módulo da Web: Liberty Project.
[30/04/19 14:20:10:262 BRT] 0000001e com.ibm.ws.webcontainer                                      I SRVE0250I: O Módulo da Web Liberty Project foi ligado ao default_host.
[30/04/19 14:20:10:269 BRT] 0000001e com.ibm.ws.app.manager.AppMessageHelper                      A CWWKZ0001I: O aplicativo rest foi iniciado em 1,290 segundos.
[30/04/19 14:20:10:361 BRT] 0000001b com.ibm.ws.kernel.feature.internal.FeatureManager            A CWWKF0012I: O servidor instalou os recursos a seguir: [jaxrs-2.1, jaxrsClient-2.1, jsonp-1.1, servlet-4.0].
[30/04/19 14:20:10:362 BRT] 0000001b com.ibm.ws.kernel.feature.internal.FeatureManager            I CWWKF0008I: Atualização do recurso concluída em 3,918 segundos.
[30/04/19 14:20:10:362 BRT] 0000001b com.ibm.ws.kernel.feature.internal.FeatureManager            A CWWKF0011I: O servidor defaultServer está pronto para executar um planeta mais inteligente.
[30/04/19 14:20:10:395 BRT] 00000025 com.ibm.ws.session.WASSessionCore                            I SESN0176I: Um novo contexto de sessão será criado para a chave do aplicativo default_host/LibertyProject
[30/04/19 14:20:10:507 BRT] 00000025 com.ibm.ws.util                                              I SESN0172I: O gerenciador de sessões está usando a implementação SecureRandom padrão Java para geração do ID de sessão.
[30/04/19 14:20:10:909 BRT] 0000001c com.ibm.ws.webcontainer.osgi.mbeans.PluginGenerator          I SRVE9103I: Um arquivo de configuração para um plug-in de servidor da web foi automaticamente gerado para este servidor em /Users/samueltoledo/Desktop/guide-docker/start/target/liberty/wlp/usr/servers/defaultServer/logs/state/plugin-cfg.xml.
[30/04/19 14:20:13:167 BRT] 00000010 com.ibm.ws.kernel.launch.internal.ServerCommandListener      A CWWKE0055I: Encerramento do servidor solicitado em Terça-feira, 30 de Abril de 2019 às 14:20. O servidor defaultServer está sendo encerrado.
[30/04/19 14:20:13:173 BRT] 0000002b com.ibm.ws.runtime.update.internal.RuntimeUpdateManagerImpl  A CWWKE1100I: Aguardando até 30 segundos para o servidor ser colocado em modo quiesce.
[30/04/19 14:20:13:184 BRT] 0000002b com.ibm.ws.runtime.update.internal.RuntimeUpdateManagerImpl  I CWWKE1101I: Colocação em modo quiesce do servidor concluída.
[30/04/19 14:20:13:211 BRT] 00000024 com.ibm.ws.app.manager.AppMessageHelper                      A CWWKZ0009I: O aplicativo rest foi interrompido com sucesso.
[30/04/19 14:20:13:641 BRT] 00000001 com.ibm.ws.kernel.launch.internal.FrameworkManager           A CWWKE0036I: O servidor defaultServer foi interrompido depois de 9,93 segundos.
